********************************************************************************
Email stored not sent on 2023-09-25 14:24:03.833783: Price Spike 5YY

Spike found in prices for 5YY/20231000: need to manually check by running interactive_manual_check_historical_prices
********************************************************************************

********************************************************************************
Email stored not sent on 2023-09-25 14:26:17.211850: Price Spike ALI

Spike found in prices for ALI/20231000: need to manually check by running interactive_manual_check_historical_prices
********************************************************************************

********************************************************************************
Email stored not sent on 2023-09-25 14:26:18.254340: Price Spike ALI

Spike found in prices for ALI/20231000: need to manually check by running interactive_manual_check_historical_prices
********************************************************************************

********************************************************************************
Email stored not sent on 2023-09-25 14:26:19.395915: Price Spike ALI

Spike found in prices for ALI/20231100: need to manually check by running interactive_manual_check_historical_prices
********************************************************************************

********************************************************************************
Email stored not sent on 2023-09-25 14:26:20.539977: Price Spike ALI

Spike found in prices for ALI/20231100: need to manually check by running interactive_manual_check_historical_prices
********************************************************************************

********************************************************************************
Email stored not sent on 2023-09-25 14:26:22.303599: Price Spike ALI

Spike found in prices for ALI/20231200: need to manually check by running interactive_manual_check_historical_prices
********************************************************************************

********************************************************************************
Email stored not sent on 2023-09-25 14:26:23.337781: Price Spike ALI

Spike found in prices for ALI/20231200: need to manually check by running interactive_manual_check_historical_prices
********************************************************************************

********************************************************************************
Email stored not sent on 2023-09-25 14:27:44.018721: Price Spike CB

Spike found in prices for CB/20230900: need to manually check by running interactive_manual_check_historical_prices
********************************************************************************

********************************************************************************
Email stored not sent on 2023-09-25 14:27:45.062166: Price Spike CB

Spike found in prices for CB/20230900: need to manually check by running interactive_manual_check_historical_prices
********************************************************************************

********************************************************************************
Email stored not sent on 2023-09-25 14:27:48.380439: Price Spike CB

Spike found in prices for CB/20231100: need to manually check by running interactive_manual_check_historical_prices
********************************************************************************

********************************************************************************
Email stored not sent on 2023-09-25 14:27:49.415482: Price Spike CB

Spike found in prices for CB/20231100: need to manually check by running interactive_manual_check_historical_prices
********************************************************************************

********************************************************************************
Email stored not sent on 2023-09-25 14:27:50.548089: Price Spike CB

Spike found in prices for CB/20231200: need to manually check by running interactive_manual_check_historical_prices
********************************************************************************

********************************************************************************
Email stored not sent on 2023-09-25 14:27:51.580505: Price Spike CB

Spike found in prices for CB/20231200: need to manually check by running interactive_manual_check_historical_prices
********************************************************************************

********************************************************************************
Email stored not sent on 2023-09-25 14:28:03.624051: Price Spike DY

Spike found in prices for DY/20230900: need to manually check by running interactive_manual_check_historical_prices
********************************************************************************

********************************************************************************
Email stored not sent on 2023-09-25 14:28:04.672772: Price Spike DY

Spike found in prices for DY/20230900: need to manually check by running interactive_manual_check_historical_prices
********************************************************************************

********************************************************************************
Email stored not sent on 2023-09-25 14:28:10.078309: Price Spike DY

Spike found in prices for DY/20231200: need to manually check by running interactive_manual_check_historical_prices
********************************************************************************

********************************************************************************
Email stored not sent on 2023-09-25 14:28:11.122730: Price Spike DY

Spike found in prices for DY/20231200: need to manually check by running interactive_manual_check_historical_prices
********************************************************************************

********************************************************************************
Email stored not sent on 2023-09-25 15:45:04.701468: Price Spike 5YY

Spike found in prices for 5YY/20231000: need to manually check by running interactive_manual_check_historical_prices
********************************************************************************

********************************************************************************
Email stored not sent on 2023-09-25 15:45:05.602989: Price Spike 5YY

Spike found in prices for 5YY/20231000: need to manually check by running interactive_manual_check_historical_prices
********************************************************************************

********************************************************************************
Email stored not sent on 2023-09-25 15:47:42.798831: Price Spike ALI

Spike found in prices for ALI/20231000: need to manually check by running interactive_manual_check_historical_prices
********************************************************************************

********************************************************************************
Email stored not sent on 2023-09-25 15:47:43.841094: Price Spike ALI

Spike found in prices for ALI/20231000: need to manually check by running interactive_manual_check_historical_prices
********************************************************************************

********************************************************************************
Email stored not sent on 2023-09-25 15:47:44.939269: Price Spike ALI

Spike found in prices for ALI/20231100: need to manually check by running interactive_manual_check_historical_prices
********************************************************************************

********************************************************************************
Email stored not sent on 2023-09-25 15:47:45.987215: Price Spike ALI

Spike found in prices for ALI/20231100: need to manually check by running interactive_manual_check_historical_prices
********************************************************************************

********************************************************************************
Email stored not sent on 2023-09-25 15:47:47.038631: Price Spike ALI

Spike found in prices for ALI/20231200: need to manually check by running interactive_manual_check_historical_prices
********************************************************************************

********************************************************************************
Email stored not sent on 2023-09-25 15:47:48.074122: Price Spike ALI

Spike found in prices for ALI/20231200: need to manually check by running interactive_manual_check_historical_prices
********************************************************************************

********************************************************************************
Email stored not sent on 2023-09-25 15:48:50.850862: Price Spike CB

Spike found in prices for CB/20230900: need to manually check by running interactive_manual_check_historical_prices
********************************************************************************

********************************************************************************
Email stored not sent on 2023-09-25 15:48:51.886585: Price Spike CB

Spike found in prices for CB/20230900: need to manually check by running interactive_manual_check_historical_prices
********************************************************************************

********************************************************************************
Email stored not sent on 2023-09-25 15:48:55.115624: Price Spike CB

Spike found in prices for CB/20231100: need to manually check by running interactive_manual_check_historical_prices
********************************************************************************

********************************************************************************
Email stored not sent on 2023-09-25 15:48:56.261369: Price Spike CB

Spike found in prices for CB/20231100: need to manually check by running interactive_manual_check_historical_prices
********************************************************************************

********************************************************************************
Email stored not sent on 2023-09-25 15:48:57.305088: Price Spike CB

Spike found in prices for CB/20231200: need to manually check by running interactive_manual_check_historical_prices
********************************************************************************

********************************************************************************
Email stored not sent on 2023-09-25 15:48:58.342719: Price Spike CB

Spike found in prices for CB/20231200: need to manually check by running interactive_manual_check_historical_prices
********************************************************************************

********************************************************************************
Email stored not sent on 2023-09-25 15:49:09.827735: Price Spike DY

Spike found in prices for DY/20230900: need to manually check by running interactive_manual_check_historical_prices
********************************************************************************

********************************************************************************
Email stored not sent on 2023-09-25 15:49:10.871285: Price Spike DY

Spike found in prices for DY/20230900: need to manually check by running interactive_manual_check_historical_prices
********************************************************************************

********************************************************************************
Email stored not sent on 2023-09-25 15:49:16.421637: Price Spike DY

Spike found in prices for DY/20231200: need to manually check by running interactive_manual_check_historical_prices
********************************************************************************

********************************************************************************
Email stored not sent on 2023-09-25 15:49:17.467632: Price Spike DY

Spike found in prices for DY/20231200: need to manually check by running interactive_manual_check_historical_prices
********************************************************************************

********************************************************************************
Email stored not sent on 2023-09-25 17:35:35.380738: Price Spike 5YY

Spike found in prices for 5YY/20231000: need to manually check by running interactive_manual_check_historical_prices
********************************************************************************

********************************************************************************
Email stored not sent on 2023-09-25 17:35:36.302395: Price Spike 5YY

Spike found in prices for 5YY/20231000: need to manually check by running interactive_manual_check_historical_prices
********************************************************************************

********************************************************************************
Email stored not sent on 2023-09-25 17:38:33.020804: Price Spike ALI

Spike found in prices for ALI/20231000: need to manually check by running interactive_manual_check_historical_prices
********************************************************************************

********************************************************************************
Email stored not sent on 2023-09-25 17:38:34.056388: Price Spike ALI

Spike found in prices for ALI/20231000: need to manually check by running interactive_manual_check_historical_prices
********************************************************************************

********************************************************************************
Email stored not sent on 2023-09-25 17:38:35.200030: Price Spike ALI

Spike found in prices for ALI/20231100: need to manually check by running interactive_manual_check_historical_prices
********************************************************************************

********************************************************************************
Email stored not sent on 2023-09-25 17:38:36.242715: Price Spike ALI

Spike found in prices for ALI/20231100: need to manually check by running interactive_manual_check_historical_prices
********************************************************************************

********************************************************************************
Email stored not sent on 2023-09-25 17:38:37.389386: Price Spike ALI

Spike found in prices for ALI/20231200: need to manually check by running interactive_manual_check_historical_prices
********************************************************************************

********************************************************************************
Email stored not sent on 2023-09-25 17:38:38.533405: Price Spike ALI

Spike found in prices for ALI/20231200: need to manually check by running interactive_manual_check_historical_prices
********************************************************************************

********************************************************************************
Email stored not sent on 2023-09-25 17:39:41.335471: Price Spike CB

Spike found in prices for CB/20230900: need to manually check by running interactive_manual_check_historical_prices
********************************************************************************

********************************************************************************
Email stored not sent on 2023-09-25 17:39:42.381196: Price Spike CB

Spike found in prices for CB/20230900: need to manually check by running interactive_manual_check_historical_prices
********************************************************************************

********************************************************************************
Email stored not sent on 2023-09-25 17:39:45.630562: Price Spike CB

Spike found in prices for CB/20231100: need to manually check by running interactive_manual_check_historical_prices
********************************************************************************

********************************************************************************
Email stored not sent on 2023-09-25 17:39:46.680438: Price Spike CB

Spike found in prices for CB/20231100: need to manually check by running interactive_manual_check_historical_prices
********************************************************************************

********************************************************************************
Email stored not sent on 2023-09-25 17:39:47.833724: Price Spike CB

Spike found in prices for CB/20231200: need to manually check by running interactive_manual_check_historical_prices
********************************************************************************

********************************************************************************
Email stored not sent on 2023-09-25 17:39:48.870639: Price Spike CB

Spike found in prices for CB/20231200: need to manually check by running interactive_manual_check_historical_prices
********************************************************************************

********************************************************************************
Email stored not sent on 2023-09-25 17:40:20.124363: Price Spike DY

Spike found in prices for DY/20230900: need to manually check by running interactive_manual_check_historical_prices
********************************************************************************

********************************************************************************
Email stored not sent on 2023-09-25 17:40:46.159719: Price Spike DY

Spike found in prices for DY/20231200: need to manually check by running interactive_manual_check_historical_prices
********************************************************************************

********************************************************************************
Email stored not sent on 2023-09-25 17:40:47.201999: Price Spike DY

Spike found in prices for DY/20231200: need to manually check by running interactive_manual_check_historical_prices
********************************************************************************

